{
  "stats": {
    "suites": 1,
    "tests": 1,
    "passes": 1,
    "pending": 0,
    "failures": 0,
    "start": "2023-10-28T09:17:44.387Z",
    "end": "2023-10-28T09:17:47.738Z",
    "duration": 3351,
    "testsRegistered": 1,
    "passPercent": 100,
    "pendingPercent": 0,
    "other": 0,
    "hasOther": false,
    "skipped": 0,
    "hasSkipped": false
  },
  "results": [
    {
      "uuid": "040981f2-85b9-4e13-992a-78c9bf245fb4",
      "title": "",
      "fullFile": "cypress\\e2e\\page\\whyMatomo_openSource.cy.js",
      "file": "cypress\\e2e\\page\\whyMatomo_openSource.cy.js",
      "beforeHooks": [],
      "afterHooks": [],
      "tests": [],
      "suites": [
        {
          "uuid": "0dfa88dd-3c29-4e79-b7d2-85e137b7d7be",
          "title": "user redirects to the open source page",
          "fullFile": "",
          "file": "",
          "beforeHooks": [],
          "afterHooks": [],
          "tests": [
            {
              "title": "user selects the open source options from why matomo",
              "fullTitle": "user redirects to the open source page user selects the open source options from why matomo",
              "timedOut": null,
              "duration": 2224,
              "state": "passed",
              "speed": "fast",
              "pass": true,
              "fail": false,
              "pending": false,
              "context": null,
              "code": "cy.visitMatomo();\ncy.selectHomePageLinks(_enums.default.WHY_MATOMO.POSITION, _enums.default.WHY_MATOMO.NAME);\ncy.triggerMouseOver(_enums.default.WHY_MATOMO.POSITION);\ncy.clickSubItems(_enums.default.WHY_MATOMO.OPEN_SOURCE.POSITION);\ncy.get('h2').should('contain', 'The main benefits of free and open-source analytics');",
              "err": {},
              "uuid": "50cb50f8-0807-4d87-a87b-dad52bcecf98",
              "parentUUID": "0dfa88dd-3c29-4e79-b7d2-85e137b7d7be",
              "isHook": false,
              "skipped": false
            }
          ],
          "suites": [],
          "passes": [
            "50cb50f8-0807-4d87-a87b-dad52bcecf98"
          ],
          "failures": [],
          "pending": [],
          "skipped": [],
          "duration": 2224,
          "root": false,
          "rootEmpty": false,
          "_timeout": 2000
        }
      ],
      "passes": [],
      "failures": [],
      "pending": [],
      "skipped": [],
      "duration": 0,
      "root": true,
      "rootEmpty": true,
      "_timeout": 2000
    }
  ],
  "meta": {
    "mocha": {
      "version": "7.0.1"
    },
    "mochawesome": {
      "options": {
        "quiet": false,
        "reportFilename": "[name].html",
        "saveHtml": true,
        "saveJson": true,
        "consoleReporter": "spec",
        "useInlineDiffs": false,
        "code": true
      },
      "version": "7.1.3"
    },
    "marge": {
      "options": {
        "useInlineDiffs": true,
        "embeddedScreenshots": true,
        "reportDir": "cypress/results",
        "reportFilename": "[name].html",
        "overwrite": true,
        "html": true,
        "json": true
      },
      "version": "6.2.0"
    }
  }
}